<?xml version="1.0" encoding="UTF-8"?>
<!-- Generated by org.testng.reporters.JUnitReportReporter -->
<testsuite hostname="DESKTOP-OV75N4M" name="com.myjava.test.NewTest" tests="4" failures="0" timestamp="15 Feb 2018 11:20:45 GMT" time="0.073" errors="4">
  <testcase name="f" time="0.017" classname="com.myjava.test.NewTest">
    <error type="java.lang.Error" message="Unresolved compilation problem: 
	Logger cannot be resolved to a type
">
      <![CDATA[java.lang.Error: Unresolved compilation problem: 
	Logger cannot be resolved to a type

	at com.myjava.utils.Log.info(Log.java:47)
	at com.myjava.utils.LocalBrowserManager.initializeDriver(LocalBrowserManager.java:25)
	at com.myjava.test.NewTest.f(NewTest.java:22)
	at sun.reflect.NativeMethodAccessorImpl.invoke0(Native Method)
	at sun.reflect.NativeMethodAccessorImpl.invoke(Unknown Source)
	at sun.reflect.DelegatingMethodAccessorImpl.invoke(Unknown Source)
	at java.lang.reflect.Method.invoke(Unknown Source)
	at org.testng.internal.MethodInvocationHelper.invokeMethod(MethodInvocationHelper.java:86)
	at org.testng.internal.Invoker.invokeMethod(Invoker.java:643)
	at org.testng.internal.Invoker.invokeTestMethod(Invoker.java:820)
	at org.testng.internal.Invoker.invokeTestMethods(Invoker.java:1128)
	at org.testng.internal.TestMethodWorker.invokeTestMethods(TestMethodWorker.java:129)
	at org.testng.internal.TestMethodWorker.run(TestMethodWorker.java:112)
	at java.util.concurrent.ThreadPoolExecutor.runWorker(Unknown Source)
	at java.util.concurrent.ThreadPoolExecutor$Worker.run(Unknown Source)
	at java.lang.Thread.run(Unknown Source)
]]>
    </error>
  </testcase> <!-- f -->
  <testcase name="f2" time="0.026" classname="com.myjava.test.NewTest">
    <error type="java.lang.Error" message="Unresolved compilation problem: 
	Logger cannot be resolved to a type
">
      <![CDATA[java.lang.Error: Unresolved compilation problem: 
	Logger cannot be resolved to a type

	at com.myjava.utils.Log.info(Log.java:47)
	at com.myjava.utils.LocalBrowserManager.initializeDriver(LocalBrowserManager.java:25)
	at com.myjava.test.NewTest.f2(NewTest.java:38)
	at sun.reflect.NativeMethodAccessorImpl.invoke0(Native Method)
	at sun.reflect.NativeMethodAccessorImpl.invoke(Unknown Source)
	at sun.reflect.DelegatingMethodAccessorImpl.invoke(Unknown Source)
	at java.lang.reflect.Method.invoke(Unknown Source)
	at org.testng.internal.MethodInvocationHelper.invokeMethod(MethodInvocationHelper.java:86)
	at org.testng.internal.Invoker.invokeMethod(Invoker.java:643)
	at org.testng.internal.Invoker.invokeTestMethod(Invoker.java:820)
	at org.testng.internal.Invoker.invokeTestMethods(Invoker.java:1128)
	at org.testng.internal.TestMethodWorker.invokeTestMethods(TestMethodWorker.java:129)
	at org.testng.internal.TestMethodWorker.run(TestMethodWorker.java:112)
	at java.util.concurrent.ThreadPoolExecutor.runWorker(Unknown Source)
	at java.util.concurrent.ThreadPoolExecutor$Worker.run(Unknown Source)
	at java.lang.Thread.run(Unknown Source)
]]>
    </error>
  </testcase> <!-- f2 -->
  <testcase name="f2" time="0.004" classname="com.myjava.test.NewTest">
    <error type="java.lang.Error" message="Unresolved compilation problem: 
	Logger cannot be resolved to a type
">
      <![CDATA[java.lang.Error: Unresolved compilation problem: 
	Logger cannot be resolved to a type

	at com.myjava.utils.Log.info(Log.java:47)
	at com.myjava.utils.LocalBrowserManager.initializeDriver(LocalBrowserManager.java:25)
	at com.myjava.test.NewTest.f2(NewTest.java:38)
	at sun.reflect.NativeMethodAccessorImpl.invoke0(Native Method)
	at sun.reflect.NativeMethodAccessorImpl.invoke(Unknown Source)
	at sun.reflect.DelegatingMethodAccessorImpl.invoke(Unknown Source)
	at java.lang.reflect.Method.invoke(Unknown Source)
	at org.testng.internal.MethodInvocationHelper.invokeMethod(MethodInvocationHelper.java:86)
	at org.testng.internal.Invoker.invokeMethod(Invoker.java:643)
	at org.testng.internal.Invoker.invokeTestMethod(Invoker.java:820)
	at org.testng.internal.Invoker.invokeTestMethods(Invoker.java:1128)
	at org.testng.internal.TestMethodWorker.invokeTestMethods(TestMethodWorker.java:129)
	at org.testng.internal.TestMethodWorker.run(TestMethodWorker.java:112)
	at java.util.concurrent.ThreadPoolExecutor.runWorker(Unknown Source)
	at java.util.concurrent.ThreadPoolExecutor$Worker.run(Unknown Source)
	at java.lang.Thread.run(Unknown Source)
]]>
    </error>
  </testcase> <!-- f2 -->
  <testcase name="f" time="0.026" classname="com.myjava.test.NewTest">
    <error type="java.lang.Error" message="Unresolved compilation problem: 
	Logger cannot be resolved to a type
">
      <![CDATA[java.lang.Error: Unresolved compilation problem: 
	Logger cannot be resolved to a type

	at com.myjava.utils.Log.info(Log.java:47)
	at com.myjava.utils.LocalBrowserManager.initializeDriver(LocalBrowserManager.java:25)
	at com.myjava.test.NewTest.f(NewTest.java:22)
	at sun.reflect.NativeMethodAccessorImpl.invoke0(Native Method)
	at sun.reflect.NativeMethodAccessorImpl.invoke(Unknown Source)
	at sun.reflect.DelegatingMethodAccessorImpl.invoke(Unknown Source)
	at java.lang.reflect.Method.invoke(Unknown Source)
	at org.testng.internal.MethodInvocationHelper.invokeMethod(MethodInvocationHelper.java:86)
	at org.testng.internal.Invoker.invokeMethod(Invoker.java:643)
	at org.testng.internal.Invoker.invokeTestMethod(Invoker.java:820)
	at org.testng.internal.Invoker.invokeTestMethods(Invoker.java:1128)
	at org.testng.internal.TestMethodWorker.invokeTestMethods(TestMethodWorker.java:129)
	at org.testng.internal.TestMethodWorker.run(TestMethodWorker.java:112)
	at java.util.concurrent.ThreadPoolExecutor.runWorker(Unknown Source)
	at java.util.concurrent.ThreadPoolExecutor$Worker.run(Unknown Source)
	at java.lang.Thread.run(Unknown Source)
]]>
    </error>
  </testcase> <!-- f -->
</testsuite> <!-- com.myjava.test.NewTest -->
